<?xml version="1.0" encoding="UTF-8"?>
<robot generator="Robot 4.1.2 (Python 3.9.7 on darwin)" generated="20211214 00:03:19.859" rpa="false" schemaversion="2">
<suite id="s1" name="Login-Test" source="/Users/nadthapon/Documents/GitHub/Shoplive-automate/creator-automate/login-test">
<suite id="s1-s1" name="Invalid-Login" source="/Users/nadthapon/Documents/GitHub/Shoplive-automate/creator-automate/login-test/invalid-login.robot">
<test id="s1-s1-t1" name="Login shoplive - Fail">
<kw name="Open Browser" library="SeleniumLibrary">
<arg>about:blank</arg>
<arg>chrome</arg>
<doc>Opens a new browser instance to the optional ``url``.</doc>
<msg timestamp="20211214 00:03:19.983" level="INFO">Opening browser 'chrome' to base url 'about:blank'.</msg>
<status status="PASS" starttime="20211214 00:03:19.982" endtime="20211214 00:03:22.058"/>
</kw>
<kw name="Go To" library="SeleniumLibrary">
<arg>${url_shoplive}</arg>
<doc>Navigates the current browser window to the provided ``url``.</doc>
<msg timestamp="20211214 00:03:22.059" level="INFO">Opening url 'https://creator-rc.shoplive.dev/'</msg>
<status status="PASS" starttime="20211214 00:03:22.058" endtime="20211214 00:03:23.151"/>
</kw>
<kw name="Verify Shoplive page" library="resource">
<arg>${title_shoplive}</arg>
<arg>${to_login_button}</arg>
<kw name="Title Should Be" library="SeleniumLibrary">
<arg>${title}</arg>
<doc>Verifies that the current page title equals ``title``.</doc>
<msg timestamp="20211214 00:03:23.192" level="INFO">Page title is 'ShopLIVE Creator'.</msg>
<status status="PASS" starttime="20211214 00:03:23.151" endtime="20211214 00:03:23.192"/>
</kw>
<kw name="Click Element" library="SeleniumLibrary">
<arg>${button}</arg>
<doc>Click the element identified by ``locator``.</doc>
<msg timestamp="20211214 00:03:23.192" level="INFO">Clicking element 'xpath=//*[@id="app"]/span/div/div/nav/div/div/div[1]'.</msg>
<status status="PASS" starttime="20211214 00:03:23.192" endtime="20211214 00:03:26.930"/>
</kw>
<status status="PASS" starttime="20211214 00:03:23.151" endtime="20211214 00:03:26.930"/>
</kw>
<kw name="Input Username and Password" library="resource">
<arg>${input_user}</arg>
<arg>${input_pass}</arg>
<arg>${username_fail}</arg>
<arg>${password_fail}</arg>
<kw name="Element Should Be Visible" library="SeleniumLibrary">
<arg>${xpath_user}</arg>
<doc>Verifies that the element identified by ``locator`` is visible.</doc>
<msg timestamp="20211214 00:03:27.296" level="INFO">Element 'name=email' is displayed.</msg>
<status status="PASS" starttime="20211214 00:03:26.931" endtime="20211214 00:03:27.296"/>
</kw>
<kw name="Element Should Be Visible" library="SeleniumLibrary">
<arg>${xpath_pass}</arg>
<doc>Verifies that the element identified by ``locator`` is visible.</doc>
<msg timestamp="20211214 00:03:27.313" level="INFO">Element 'name=password' is displayed.</msg>
<status status="PASS" starttime="20211214 00:03:27.296" endtime="20211214 00:03:27.314"/>
</kw>
<kw name="Input Text" library="SeleniumLibrary">
<arg>${xpath_user}</arg>
<arg>${username}</arg>
<doc>Types the given ``text`` into the text field identified by ``locator``.</doc>
<msg timestamp="20211214 00:03:27.314" level="INFO">Typing text 'xxxxx@xxxxx.com' into text field 'name=email'.</msg>
<status status="PASS" starttime="20211214 00:03:27.314" endtime="20211214 00:03:28.886"/>
</kw>
<kw name="Input Text" library="SeleniumLibrary">
<arg>${xpath_pass}</arg>
<arg>${password}</arg>
<doc>Types the given ``text`` into the text field identified by ``locator``.</doc>
<msg timestamp="20211214 00:03:28.887" level="INFO">Typing text '12345678' into text field 'name=password'.</msg>
<status status="PASS" starttime="20211214 00:03:28.887" endtime="20211214 00:03:29.076"/>
</kw>
<status status="PASS" starttime="20211214 00:03:26.930" endtime="20211214 00:03:29.076"/>
</kw>
<kw name="Click Button Login" library="resource">
<arg>${btn_login}</arg>
<kw name="Element Should Be Visible" library="SeleniumLibrary">
<arg>${btn}</arg>
<doc>Verifies that the element identified by ``locator`` is visible.</doc>
<msg timestamp="20211214 00:03:29.268" level="INFO">Element '//*[@id="app"]/span/div/div/div[1]/div/div/div[4]/button' is displayed.</msg>
<status status="PASS" starttime="20211214 00:03:29.076" endtime="20211214 00:03:29.268"/>
</kw>
<kw name="Click Element" library="SeleniumLibrary">
<arg>${btn}</arg>
<doc>Click the element identified by ``locator``.</doc>
<msg timestamp="20211214 00:03:29.269" level="INFO">Clicking element '//*[@id="app"]/span/div/div/div[1]/div/div/div[4]/button'.</msg>
<status status="PASS" starttime="20211214 00:03:29.268" endtime="20211214 00:03:29.485"/>
</kw>
<status status="PASS" starttime="20211214 00:03:29.076" endtime="20211214 00:03:29.485"/>
</kw>
<kw name="Verify Login Fail" library="resource">
<arg>${txt_not_me}</arg>
<kw name="Element Should Be Visible" library="SeleniumLibrary">
<arg>${xpath}</arg>
<doc>Verifies that the element identified by ``locator`` is visible.</doc>
<msg timestamp="20211214 00:03:30.057" level="INFO">Element '//*[@id="app"]/span/div/div/div[1]/div/div/p' is displayed.</msg>
<status status="PASS" starttime="20211214 00:03:29.486" endtime="20211214 00:03:30.057"/>
</kw>
<status status="PASS" starttime="20211214 00:03:29.485" endtime="20211214 00:03:30.058"/>
</kw>
<kw name="Close Browser" library="SeleniumLibrary" type="TEARDOWN">
<doc>Closes the current browser.</doc>
<status status="PASS" starttime="20211214 00:03:30.058" endtime="20211214 00:03:30.144"/>
</kw>
<tag>fail</tag>
<status status="PASS" starttime="20211214 00:03:19.982" endtime="20211214 00:03:30.144"/>
</test>
<doc>A test suite with a single test for valid login.

This test has a workflow that is created using keywords in
the imported resource file.</doc>
<status status="PASS" starttime="20211214 00:03:19.873" endtime="20211214 00:03:30.144"/>
</suite>
<suite id="s1-s2" name="Valid-Login" source="/Users/nadthapon/Documents/GitHub/Shoplive-automate/creator-automate/login-test/valid-login.robot">
<test id="s1-s2-t1" name="Login shoplive - success">
<kw name="Open Browser" library="SeleniumLibrary">
<arg>about:blank</arg>
<arg>chrome</arg>
<doc>Opens a new browser instance to the optional ``url``.</doc>
<msg timestamp="20211214 00:03:30.149" level="INFO">Opening browser 'chrome' to base url 'about:blank'.</msg>
<status status="PASS" starttime="20211214 00:03:30.149" endtime="20211214 00:03:31.988"/>
</kw>
<kw name="Go To" library="SeleniumLibrary">
<arg>${url_shoplive}</arg>
<doc>Navigates the current browser window to the provided ``url``.</doc>
<msg timestamp="20211214 00:03:31.989" level="INFO">Opening url 'https://creator-rc.shoplive.dev/'</msg>
<status status="PASS" starttime="20211214 00:03:31.989" endtime="20211214 00:03:32.734"/>
</kw>
<kw name="Verify Shoplive page" library="resource">
<arg>${title_shoplive}</arg>
<arg>${to_login_button}</arg>
<kw name="Title Should Be" library="SeleniumLibrary">
<arg>${title}</arg>
<doc>Verifies that the current page title equals ``title``.</doc>
<msg timestamp="20211214 00:03:32.770" level="INFO">Page title is 'ShopLIVE Creator'.</msg>
<status status="PASS" starttime="20211214 00:03:32.735" endtime="20211214 00:03:32.770"/>
</kw>
<kw name="Click Element" library="SeleniumLibrary">
<arg>${button}</arg>
<doc>Click the element identified by ``locator``.</doc>
<msg timestamp="20211214 00:03:32.770" level="INFO">Clicking element 'xpath=//*[@id="app"]/span/div/div/nav/div/div/div[1]'.</msg>
<status status="PASS" starttime="20211214 00:03:32.770" endtime="20211214 00:03:36.748"/>
</kw>
<status status="PASS" starttime="20211214 00:03:32.734" endtime="20211214 00:03:36.748"/>
</kw>
<kw name="Input Username and Password" library="resource">
<arg>${input_user}</arg>
<arg>${input_pass}</arg>
<arg>${username_success}</arg>
<arg>${password_success}</arg>
<kw name="Element Should Be Visible" library="SeleniumLibrary">
<arg>${xpath_user}</arg>
<doc>Verifies that the element identified by ``locator`` is visible.</doc>
<msg timestamp="20211214 00:03:37.049" level="INFO">Element 'name=email' is displayed.</msg>
<status status="PASS" starttime="20211214 00:03:36.749" endtime="20211214 00:03:37.049"/>
</kw>
<kw name="Element Should Be Visible" library="SeleniumLibrary">
<arg>${xpath_pass}</arg>
<doc>Verifies that the element identified by ``locator`` is visible.</doc>
<msg timestamp="20211214 00:03:37.124" level="INFO">Element 'name=password' is displayed.</msg>
<status status="PASS" starttime="20211214 00:03:37.049" endtime="20211214 00:03:37.124"/>
</kw>
<kw name="Input Text" library="SeleniumLibrary">
<arg>${xpath_user}</arg>
<arg>${username}</arg>
<doc>Types the given ``text`` into the text field identified by ``locator``.</doc>
<msg timestamp="20211214 00:03:37.124" level="INFO">Typing text 'demo@shoplive.dev' into text field 'name=email'.</msg>
<status status="PASS" starttime="20211214 00:03:37.124" endtime="20211214 00:03:38.325"/>
</kw>
<kw name="Input Text" library="SeleniumLibrary">
<arg>${xpath_pass}</arg>
<arg>${password}</arg>
<doc>Types the given ``text`` into the text field identified by ``locator``.</doc>
<msg timestamp="20211214 00:03:38.326" level="INFO">Typing text 'Password' into text field 'name=password'.</msg>
<status status="PASS" starttime="20211214 00:03:38.326" endtime="20211214 00:03:38.524"/>
</kw>
<status status="PASS" starttime="20211214 00:03:36.748" endtime="20211214 00:03:38.524"/>
</kw>
<kw name="Click Button Login" library="resource">
<arg>${btn_login}</arg>
<kw name="Element Should Be Visible" library="SeleniumLibrary">
<arg>${btn}</arg>
<doc>Verifies that the element identified by ``locator`` is visible.</doc>
<msg timestamp="20211214 00:03:38.700" level="INFO">Element '//*[@id="app"]/span/div/div/div[1]/div/div/div[4]/button' is displayed.</msg>
<status status="PASS" starttime="20211214 00:03:38.524" endtime="20211214 00:03:38.700"/>
</kw>
<kw name="Click Element" library="SeleniumLibrary">
<arg>${btn}</arg>
<doc>Click the element identified by ``locator``.</doc>
<msg timestamp="20211214 00:03:38.700" level="INFO">Clicking element '//*[@id="app"]/span/div/div/div[1]/div/div/div[4]/button'.</msg>
<status status="PASS" starttime="20211214 00:03:38.700" endtime="20211214 00:03:38.887"/>
</kw>
<status status="PASS" starttime="20211214 00:03:38.524" endtime="20211214 00:03:38.887"/>
</kw>
<kw name="Verify Login Success" library="resource">
<arg>${txt_message}</arg>
<kw name="Element Should Be Visible" library="SeleniumLibrary">
<arg>${xpath}</arg>
<doc>Verifies that the element identified by ``locator`` is visible.</doc>
<msg timestamp="20211214 00:03:38.929" level="INFO">Element '//*[@id="app"]/span/div/div/nav/div/div/div[1]/div[1]/span[1]' is displayed.</msg>
<status status="PASS" starttime="20211214 00:03:38.888" endtime="20211214 00:03:38.929"/>
</kw>
<status status="PASS" starttime="20211214 00:03:38.887" endtime="20211214 00:03:38.929"/>
</kw>
<kw name="Close Browser" library="SeleniumLibrary" type="TEARDOWN">
<doc>Closes the current browser.</doc>
<status status="PASS" starttime="20211214 00:03:38.929" endtime="20211214 00:03:39.012"/>
</kw>
<tag>success</tag>
<status status="PASS" starttime="20211214 00:03:30.149" endtime="20211214 00:03:39.013"/>
</test>
<doc>A test suite with a single test for valid login.

This test has a workflow that is created using keywords in
the imported resource file.</doc>
<status status="PASS" starttime="20211214 00:03:30.145" endtime="20211214 00:03:39.013"/>
</suite>
<status status="PASS" starttime="20211214 00:03:19.860" endtime="20211214 00:03:39.014"/>
</suite>
<statistics>
<total>
<stat pass="2" fail="0" skip="0">All Tests</stat>
</total>
<tag>
<stat pass="1" fail="0" skip="0">fail</stat>
<stat pass="1" fail="0" skip="0">success</stat>
</tag>
<suite>
<stat pass="2" fail="0" skip="0" id="s1" name="Login-Test">Login-Test</stat>
<stat pass="1" fail="0" skip="0" id="s1-s1" name="Invalid-Login">Login-Test.Invalid-Login</stat>
<stat pass="1" fail="0" skip="0" id="s1-s2" name="Valid-Login">Login-Test.Valid-Login</stat>
</suite>
</statistics>
<errors>
</errors>
</robot>
