<?xml version="1.0" encoding="UTF-8"?>
<robot generator="Robot 4.1.2 (Python 3.9.7 on darwin)" generated="20211206 23:00:19.967" rpa="false" schemaversion="2">
<suite id="s1" name="Login" source="/Users/nadthapon/Documents/GitHub/Shoplive-automate/creator-automate/login.robot">
<test id="s1-t1" name="Login facebook - success">
<kw name="Open Browser" library="SeleniumLibrary">
<arg>about:blank</arg>
<arg>chrome</arg>
<doc>Opens a new browser instance to the optional ``url``.</doc>
<msg timestamp="20211206 23:00:20.086" level="INFO">Opening browser 'chrome' to base url 'about:blank'.</msg>
<status status="PASS" starttime="20211206 23:00:20.086" endtime="20211206 23:00:21.806"/>
</kw>
<kw name="Go To" library="SeleniumLibrary">
<arg>${url_shoplive}</arg>
<doc>Navigates the current browser window to the provided ``url``.</doc>
<msg timestamp="20211206 23:00:21.806" level="INFO">Opening url 'https://creator-rc.shoplive.dev/'</msg>
<status status="PASS" starttime="20211206 23:00:21.806" endtime="20211206 23:00:22.526"/>
</kw>
<kw name="Verify Shoplive page">
<arg>${title_shoplive}</arg>
<arg>${to_login_button}</arg>
<kw name="Title Should Be" library="SeleniumLibrary">
<arg>${title}</arg>
<doc>Verifies that the current page title equals ``title``.</doc>
<msg timestamp="20211206 23:00:22.561" level="INFO">Page title is 'ShopLIVE Creator'.</msg>
<status status="PASS" starttime="20211206 23:00:22.527" endtime="20211206 23:00:22.561"/>
</kw>
<kw name="Click Element" library="SeleniumLibrary">
<arg>${button}</arg>
<doc>Click the element identified by ``locator``.</doc>
<msg timestamp="20211206 23:00:22.561" level="INFO">Clicking element 'xpath=//*[@id="app"]/span/div/div/nav/div/div/div[1]'.</msg>
<status status="PASS" starttime="20211206 23:00:22.561" endtime="20211206 23:00:27.090"/>
</kw>
<status status="PASS" starttime="20211206 23:00:22.526" endtime="20211206 23:00:27.090"/>
</kw>
<kw name="Input Username and Password">
<arg>${input_user}</arg>
<arg>${input_pass}</arg>
<arg>${username_success}</arg>
<arg>${password_success}</arg>
<kw name="Element Should Be Visible" library="SeleniumLibrary">
<arg>${xpath_user}</arg>
<doc>Verifies that the element identified by ``locator`` is visible.</doc>
<msg timestamp="20211206 23:00:27.786" level="INFO">Element 'name=email' is displayed.</msg>
<status status="PASS" starttime="20211206 23:00:27.091" endtime="20211206 23:00:27.786"/>
</kw>
<kw name="Element Should Be Visible" library="SeleniumLibrary">
<arg>${xpath_pass}</arg>
<doc>Verifies that the element identified by ``locator`` is visible.</doc>
<msg timestamp="20211206 23:00:27.811" level="INFO">Element 'name=password' is displayed.</msg>
<status status="PASS" starttime="20211206 23:00:27.786" endtime="20211206 23:00:27.811"/>
</kw>
<kw name="Input Text" library="SeleniumLibrary">
<arg>${xpath_user}</arg>
<arg>${username}</arg>
<doc>Types the given ``text`` into the text field identified by ``locator``.</doc>
<msg timestamp="20211206 23:00:27.812" level="INFO">Typing text 'demo@shoplive.dev' into text field 'name=email'.</msg>
<status status="PASS" starttime="20211206 23:00:27.811" endtime="20211206 23:00:29.374"/>
</kw>
<kw name="Input Text" library="SeleniumLibrary">
<arg>${xpath_pass}</arg>
<arg>${password}</arg>
<doc>Types the given ``text`` into the text field identified by ``locator``.</doc>
<msg timestamp="20211206 23:00:29.374" level="INFO">Typing text 'Password' into text field 'name=password'.</msg>
<status status="PASS" starttime="20211206 23:00:29.374" endtime="20211206 23:00:29.574"/>
</kw>
<status status="PASS" starttime="20211206 23:00:27.090" endtime="20211206 23:00:29.575"/>
</kw>
<kw name="Click Button Login">
<arg>${btn_login}</arg>
<kw name="Element Should Be Visible" library="SeleniumLibrary">
<arg>${btn}</arg>
<doc>Verifies that the element identified by ``locator`` is visible.</doc>
<msg timestamp="20211206 23:00:29.657" level="INFO">Element '//*[@id="app"]/span/div/div/div[1]/div/div/div[4]/button' is displayed.</msg>
<status status="PASS" starttime="20211206 23:00:29.575" endtime="20211206 23:00:29.657"/>
</kw>
<kw name="Click Element" library="SeleniumLibrary">
<arg>${btn}</arg>
<doc>Click the element identified by ``locator``.</doc>
<msg timestamp="20211206 23:00:29.657" level="INFO">Clicking element '//*[@id="app"]/span/div/div/div[1]/div/div/div[4]/button'.</msg>
<status status="PASS" starttime="20211206 23:00:29.657" endtime="20211206 23:00:29.868"/>
</kw>
<status status="PASS" starttime="20211206 23:00:29.575" endtime="20211206 23:00:29.868"/>
</kw>
<kw name="Verify Login Success">
<arg>${txt_message}</arg>
<kw name="Element Should Be Visible" library="SeleniumLibrary">
<arg>${xpath}</arg>
<doc>Verifies that the element identified by ``locator`` is visible.</doc>
<msg timestamp="20211206 23:00:29.883" level="INFO">Element '//*[@id="app"]/span/div/div/nav/div/div/div[1]/div[1]/span[1]' is displayed.</msg>
<status status="PASS" starttime="20211206 23:00:29.869" endtime="20211206 23:00:29.883"/>
</kw>
<status status="PASS" starttime="20211206 23:00:29.868" endtime="20211206 23:00:29.883"/>
</kw>
<tag>success</tag>
<status status="PASS" starttime="20211206 23:00:20.085" endtime="20211206 23:00:29.884"/>
</test>
<kw name="Close Browser" library="SeleniumLibrary" type="TEARDOWN">
<doc>Closes the current browser.</doc>
<status status="PASS" starttime="20211206 23:00:29.884" endtime="20211206 23:00:29.974"/>
</kw>
<status status="PASS" starttime="20211206 23:00:19.968" endtime="20211206 23:00:29.974"/>
</suite>
<statistics>
<total>
<stat pass="1" fail="0" skip="0">All Tests</stat>
</total>
<tag>
<stat pass="1" fail="0" skip="0">success</stat>
</tag>
<suite>
<stat pass="1" fail="0" skip="0" id="s1" name="Login">Login</stat>
</suite>
</statistics>
<errors>
</errors>
</robot>
